2020-08-05 16:56:49.443 [main] INFO  o.s.c.s.PostProcessorRegistrationDelegate$BeanPostProcessorChecker - Bean 'org.springframework.cloud.autoconfigure.ConfigurationPropertiesRebinderAutoConfiguration' of type [org.springframework.cloud.autoconfigure.ConfigurationPropertiesRebinderAutoConfiguration$$EnhancerBySpringCGLIB$$9497abe0] is not eligible for getting processed by all BeanPostProcessors (for example: not eligible for auto-proxying)
2020-08-05 16:56:49.674 [main] INFO  c.w.community.CommunityApplication - The following profiles are active: dev
2020-08-05 16:56:50.099 [main] INFO  o.s.cloud.context.scope.GenericScope - BeanFactory id=cb9e6256-74ef-3764-99e1-0525152f5732
2020-08-05 16:56:50.148 [main] INFO  o.s.c.s.PostProcessorRegistrationDelegate$BeanPostProcessorChecker - Bean 'org.springframework.cloud.autoconfigure.ConfigurationPropertiesRebinderAutoConfiguration' of type [org.springframework.cloud.autoconfigure.ConfigurationPropertiesRebinderAutoConfiguration$$EnhancerBySpringCGLIB$$9497abe0] is not eligible for getting processed by all BeanPostProcessors (for example: not eligible for auto-proxying)
2020-08-05 16:56:50.412 [main] INFO  o.s.b.w.e.tomcat.TomcatWebServer - Tomcat initialized with port(s): 9001 (http)
2020-08-05 16:56:50.440 [main] INFO  o.a.catalina.core.StandardService - Starting service [Tomcat]
2020-08-05 16:56:50.441 [main] INFO  o.a.catalina.core.StandardEngine - Starting Servlet engine: [Apache Tomcat/9.0.14]
2020-08-05 16:56:50.467 [main] INFO  o.a.c.core.AprLifecycleListener - The APR based Apache Tomcat Native library which allows optimal performance in production environments was not found on the java.library.path: [C:\Program Files\Java\jdk1.8.0_45\bin;C:\WINDOWS\Sun\Java\bin;C:\WINDOWS\system32;C:\WINDOWS;C:\Program Files (x86)\Common Files\Oracle\Java\javapath;C:\ProgramData\Oracle\Java\javapath;C:\WINDOWS;C:\WINDOWS\System32\Wbem;C:\WINDOWS\System32\WindowsPowerShell\v1.0\;C:\Program Files\TortoiseSVN\bin;C:\Program Files\Git\cmd;D:\dachen_workspace\apache-maven-3.3.3\bin\;C:\WINDOWS\System32\OpenSSH\;C:\Program Files\Java\jdk1.8.0_45\bin;C:\Program Files\Java\jdk1.8.0_45\jre\bin;D:\devtool\neo4j-community-3.5.1\bin;D:\devtool\scala-2.10.5\bin;C:\Program Files\winutils;D:\hadoop-2.6.0-cdh5.10.0\bin;;C:\WINDOWS\system32;C:\Users\dell\AppData\Local\Microsoft\WindowsApps;C:\Users\dell\AppData\Local\Microsoft\WindowsApps;D:\devtool\gradle-2.14\bin;C:\Users\dell\AppData\Local\GitHubDesktop\bin;c:\windows\system32;D:\localsoft\hadoop-common-bin-master\2.7.3\bin;;.]
2020-08-05 16:56:50.601 [main] INFO  o.a.c.c.C.[Tomcat].[localhost].[/] - Initializing Spring embedded WebApplicationContext
2020-08-05 16:56:50.601 [main] INFO  o.s.web.context.ContextLoader - Root WebApplicationContext: initialization completed in 916 ms
2020-08-05 16:56:50.670 [main] WARN  c.n.c.sources.URLConfigurationSource - No URLs will be polled as dynamic configuration sources.
2020-08-05 16:56:50.670 [main] INFO  c.n.c.sources.URLConfigurationSource - To enable URLs as dynamic configuration sources, define System property archaius.configurationSource.additionalUrls or make config.properties available on classpath.
2020-08-05 16:56:50.674 [main] WARN  c.n.c.sources.URLConfigurationSource - No URLs will be polled as dynamic configuration sources.
2020-08-05 16:56:50.674 [main] INFO  c.n.c.sources.URLConfigurationSource - To enable URLs as dynamic configuration sources, define System property archaius.configurationSource.additionalUrls or make config.properties available on classpath.
2020-08-05 16:56:50.845 [main] INFO  o.s.s.c.ThreadPoolTaskExecutor - Initializing ExecutorService 'applicationTaskExecutor'
2020-08-05 16:56:51.840 [main] INFO  o.s.c.n.eureka.InstanceInfoFactory - Setting initial instance status as: STARTING
2020-08-05 16:56:51.869 [main] INFO  c.netflix.discovery.DiscoveryClient - Initializing Eureka in region us-east-1
2020-08-05 16:56:52.008 [main] INFO  c.n.d.p.DiscoveryJerseyProvider - Using JSON encoding codec LegacyJacksonJson
2020-08-05 16:56:52.008 [main] INFO  c.n.d.p.DiscoveryJerseyProvider - Using JSON decoding codec LegacyJacksonJson
2020-08-05 16:56:52.452 [main] INFO  c.n.d.p.DiscoveryJerseyProvider - Using XML encoding codec XStreamXml
2020-08-05 16:56:52.453 [main] INFO  c.n.d.p.DiscoveryJerseyProvider - Using XML decoding codec XStreamXml
2020-08-05 16:56:52.619 [main] INFO  c.n.d.s.r.aws.ConfigClusterResolver - Resolving eureka endpoints via configuration
2020-08-05 16:56:52.816 [main] INFO  c.netflix.discovery.DiscoveryClient - Disable delta property : false
2020-08-05 16:56:52.817 [main] INFO  c.netflix.discovery.DiscoveryClient - Single vip registry refresh property : null
2020-08-05 16:56:52.817 [main] INFO  c.netflix.discovery.DiscoveryClient - Force full registry fetch : false
2020-08-05 16:56:52.817 [main] INFO  c.netflix.discovery.DiscoveryClient - Application is null : false
2020-08-05 16:56:52.817 [main] INFO  c.netflix.discovery.DiscoveryClient - Registered Applications size is zero : true
2020-08-05 16:56:52.817 [main] INFO  c.netflix.discovery.DiscoveryClient - Application version is -1: true
2020-08-05 16:56:52.817 [main] INFO  c.netflix.discovery.DiscoveryClient - Getting all instance registry info from the eureka server
2020-08-05 16:56:53.123 [main] INFO  c.netflix.discovery.DiscoveryClient - The response status is 200
2020-08-05 16:56:53.126 [main] INFO  c.netflix.discovery.DiscoveryClient - Starting heartbeat executor: renew interval is: 30
2020-08-05 16:56:53.128 [main] INFO  c.n.discovery.InstanceInfoReplicator - InstanceInfoReplicator onDemand update allowed rate per min is 4
2020-08-05 16:56:53.131 [main] INFO  c.netflix.discovery.DiscoveryClient - Discovery Client initialized at timestamp 1596617813130 with initial instances count: 3
2020-08-05 16:56:53.132 [main] INFO  o.s.c.n.e.s.EurekaServiceRegistry - Registering application COMMUNITY with eureka with status UP
2020-08-05 16:56:53.132 [main] INFO  c.netflix.discovery.DiscoveryClient - Saw local status change event StatusChangeEvent [timestamp=1596617813132, current=UP, previous=STARTING]
2020-08-05 16:56:53.134 [DiscoveryClient-InstanceInfoReplicator-0] INFO  c.netflix.discovery.DiscoveryClient - DiscoveryClient_COMMUNITY/DESKTOP-LLOKUNI.dachen.com:community:9001: registering service...
2020-08-05 16:56:53.165 [DiscoveryClient-InstanceInfoReplicator-0] INFO  c.netflix.discovery.DiscoveryClient - DiscoveryClient_COMMUNITY/DESKTOP-LLOKUNI.dachen.com:community:9001 - registration status: 204
2020-08-05 16:56:53.166 [main] INFO  o.s.b.w.e.tomcat.TomcatWebServer - Tomcat started on port(s): 9001 (http) with context path ''
2020-08-05 16:56:53.167 [main] INFO  o.s.c.n.e.s.EurekaAutoServiceRegistration - Updating port to 9001
2020-08-05 16:56:53.168 [main] INFO  c.w.community.CommunityApplication - Started CommunityApplication in 4.526 seconds (JVM running for 5.905)
2020-08-05 16:57:58.287 [http-nio-9001-exec-1] INFO  o.a.c.c.C.[Tomcat].[localhost].[/] - Initializing Spring DispatcherServlet 'dispatcherServlet'
2020-08-05 16:57:58.287 [http-nio-9001-exec-1] INFO  o.s.web.servlet.DispatcherServlet - Initializing Servlet 'dispatcherServlet'
2020-08-05 16:57:58.293 [http-nio-9001-exec-1] INFO  o.s.web.servlet.DispatcherServlet - Completed initialization in 6 ms
2020-08-05 17:01:17.379 [main] INFO  o.s.c.s.PostProcessorRegistrationDelegate$BeanPostProcessorChecker - Bean 'org.springframework.cloud.autoconfigure.ConfigurationPropertiesRebinderAutoConfiguration' of type [org.springframework.cloud.autoconfigure.ConfigurationPropertiesRebinderAutoConfiguration$$EnhancerBySpringCGLIB$$6cb36b1b] is not eligible for getting processed by all BeanPostProcessors (for example: not eligible for auto-proxying)
2020-08-05 17:01:17.616 [main] INFO  c.w.community.CommunityApplication - The following profiles are active: dev
2020-08-05 17:01:18.074 [main] INFO  o.s.cloud.context.scope.GenericScope - BeanFactory id=cb9e6256-74ef-3764-99e1-0525152f5732
2020-08-05 17:01:18.154 [main] INFO  o.s.c.s.PostProcessorRegistrationDelegate$BeanPostProcessorChecker - Bean 'org.springframework.cloud.autoconfigure.ConfigurationPropertiesRebinderAutoConfiguration' of type [org.springframework.cloud.autoconfigure.ConfigurationPropertiesRebinderAutoConfiguration$$EnhancerBySpringCGLIB$$6cb36b1b] is not eligible for getting processed by all BeanPostProcessors (for example: not eligible for auto-proxying)
2020-08-05 17:01:18.418 [main] INFO  o.s.b.w.e.tomcat.TomcatWebServer - Tomcat initialized with port(s): 9001 (http)
2020-08-05 17:01:18.441 [main] INFO  o.a.catalina.core.StandardService - Starting service [Tomcat]
2020-08-05 17:01:18.441 [main] INFO  o.a.catalina.core.StandardEngine - Starting Servlet engine: [Apache Tomcat/9.0.14]
2020-08-05 17:01:18.447 [main] INFO  o.a.c.core.AprLifecycleListener - The APR based Apache Tomcat Native library which allows optimal performance in production environments was not found on the java.library.path: [C:\Program Files\Java\jdk1.8.0_45\bin;C:\WINDOWS\Sun\Java\bin;C:\WINDOWS\system32;C:\WINDOWS;C:\Program Files (x86)\Common Files\Oracle\Java\javapath;C:\ProgramData\Oracle\Java\javapath;C:\WINDOWS;C:\WINDOWS\System32\Wbem;C:\WINDOWS\System32\WindowsPowerShell\v1.0\;C:\Program Files\TortoiseSVN\bin;C:\Program Files\Git\cmd;D:\dachen_workspace\apache-maven-3.3.3\bin\;C:\WINDOWS\System32\OpenSSH\;C:\Program Files\Java\jdk1.8.0_45\bin;C:\Program Files\Java\jdk1.8.0_45\jre\bin;D:\devtool\neo4j-community-3.5.1\bin;D:\devtool\scala-2.10.5\bin;C:\Program Files\winutils;D:\hadoop-2.6.0-cdh5.10.0\bin;;C:\WINDOWS\system32;C:\Users\dell\AppData\Local\Microsoft\WindowsApps;C:\Users\dell\AppData\Local\Microsoft\WindowsApps;D:\devtool\gradle-2.14\bin;C:\Users\dell\AppData\Local\GitHubDesktop\bin;c:\windows\system32;D:\localsoft\hadoop-common-bin-master\2.7.3\bin;;.]
2020-08-05 17:01:18.570 [main] INFO  o.a.c.c.C.[Tomcat].[localhost].[/] - Initializing Spring embedded WebApplicationContext
2020-08-05 17:01:18.571 [main] INFO  o.s.web.context.ContextLoader - Root WebApplicationContext: initialization completed in 945 ms
2020-08-05 17:01:18.632 [main] WARN  c.n.c.sources.URLConfigurationSource - No URLs will be polled as dynamic configuration sources.
2020-08-05 17:01:18.633 [main] INFO  c.n.c.sources.URLConfigurationSource - To enable URLs as dynamic configuration sources, define System property archaius.configurationSource.additionalUrls or make config.properties available on classpath.
2020-08-05 17:01:18.636 [main] WARN  c.n.c.sources.URLConfigurationSource - No URLs will be polled as dynamic configuration sources.
2020-08-05 17:01:18.637 [main] INFO  c.n.c.sources.URLConfigurationSource - To enable URLs as dynamic configuration sources, define System property archaius.configurationSource.additionalUrls or make config.properties available on classpath.
2020-08-05 17:01:18.763 [main] INFO  o.s.s.c.ThreadPoolTaskExecutor - Initializing ExecutorService 'applicationTaskExecutor'
2020-08-05 17:01:19.439 [main] INFO  o.s.c.n.eureka.InstanceInfoFactory - Setting initial instance status as: STARTING
2020-08-05 17:01:19.469 [main] INFO  c.netflix.discovery.DiscoveryClient - Initializing Eureka in region us-east-1
2020-08-05 17:01:19.585 [main] INFO  c.n.d.p.DiscoveryJerseyProvider - Using JSON encoding codec LegacyJacksonJson
2020-08-05 17:01:19.585 [main] INFO  c.n.d.p.DiscoveryJerseyProvider - Using JSON decoding codec LegacyJacksonJson
2020-08-05 17:01:19.686 [main] INFO  c.n.d.p.DiscoveryJerseyProvider - Using XML encoding codec XStreamXml
2020-08-05 17:01:19.686 [main] INFO  c.n.d.p.DiscoveryJerseyProvider - Using XML decoding codec XStreamXml
2020-08-05 17:01:19.836 [main] INFO  c.n.d.s.r.aws.ConfigClusterResolver - Resolving eureka endpoints via configuration
2020-08-05 17:01:19.935 [main] INFO  c.netflix.discovery.DiscoveryClient - Disable delta property : false
2020-08-05 17:01:19.936 [main] INFO  c.netflix.discovery.DiscoveryClient - Single vip registry refresh property : null
2020-08-05 17:01:19.936 [main] INFO  c.netflix.discovery.DiscoveryClient - Force full registry fetch : false
2020-08-05 17:01:19.936 [main] INFO  c.netflix.discovery.DiscoveryClient - Application is null : false
2020-08-05 17:01:19.936 [main] INFO  c.netflix.discovery.DiscoveryClient - Registered Applications size is zero : true
2020-08-05 17:01:19.936 [main] INFO  c.netflix.discovery.DiscoveryClient - Application version is -1: true
2020-08-05 17:01:19.936 [main] INFO  c.netflix.discovery.DiscoveryClient - Getting all instance registry info from the eureka server
2020-08-05 17:01:20.073 [main] INFO  c.netflix.discovery.DiscoveryClient - The response status is 200
2020-08-05 17:01:20.075 [main] INFO  c.netflix.discovery.DiscoveryClient - Starting heartbeat executor: renew interval is: 30
2020-08-05 17:01:20.077 [main] INFO  c.n.discovery.InstanceInfoReplicator - InstanceInfoReplicator onDemand update allowed rate per min is 4
2020-08-05 17:01:20.080 [main] INFO  c.netflix.discovery.DiscoveryClient - Discovery Client initialized at timestamp 1596618080079 with initial instances count: 3
2020-08-05 17:01:20.081 [main] INFO  o.s.c.n.e.s.EurekaServiceRegistry - Registering application COMMUNITY with eureka with status UP
2020-08-05 17:01:20.081 [main] INFO  c.netflix.discovery.DiscoveryClient - Saw local status change event StatusChangeEvent [timestamp=1596618080081, current=UP, previous=STARTING]
2020-08-05 17:01:20.083 [DiscoveryClient-InstanceInfoReplicator-0] INFO  c.netflix.discovery.DiscoveryClient - DiscoveryClient_COMMUNITY/DESKTOP-LLOKUNI.dachen.com:community:9001: registering service...
2020-08-05 17:01:20.116 [main] INFO  o.s.b.w.e.tomcat.TomcatWebServer - Tomcat started on port(s): 9001 (http) with context path ''
2020-08-05 17:01:20.117 [main] INFO  o.s.c.n.e.s.EurekaAutoServiceRegistration - Updating port to 9001
2020-08-05 17:01:20.119 [main] INFO  c.w.community.CommunityApplication - Started CommunityApplication in 3.727 seconds (JVM running for 4.903)
2020-08-05 17:01:20.125 [DiscoveryClient-InstanceInfoReplicator-0] INFO  c.netflix.discovery.DiscoveryClient - DiscoveryClient_COMMUNITY/DESKTOP-LLOKUNI.dachen.com:community:9001 - registration status: 204
2020-08-05 17:01:30.048 [http-nio-9001-exec-1] INFO  o.a.c.c.C.[Tomcat].[localhost].[/] - Initializing Spring DispatcherServlet 'dispatcherServlet'
2020-08-05 17:01:30.049 [http-nio-9001-exec-1] INFO  o.s.web.servlet.DispatcherServlet - Initializing Servlet 'dispatcherServlet'
2020-08-05 17:01:30.054 [http-nio-9001-exec-1] INFO  o.s.web.servlet.DispatcherServlet - Completed initialization in 5 ms
2020-08-05 17:01:30.239 [http-nio-9001-exec-1] INFO  c.n.config.ChainedDynamicProperty - Flipping property: user-center.ribbon.ActiveConnectionsLimit to use NEXT property: niws.loadbalancer.availabilityFilteringRule.activeConnectionsLimit = 2147483647
2020-08-05 17:01:30.266 [http-nio-9001-exec-1] INFO  c.n.u.c.ShutdownEnabledTimer - Shutdown hook installed for: NFLoadBalancer-PingTimer-user-center
2020-08-05 17:01:30.267 [http-nio-9001-exec-1] INFO  c.n.loadbalancer.BaseLoadBalancer - Client: user-center instantiated a LoadBalancer: DynamicServerListLoadBalancer:{NFLoadBalancer:name=user-center,current list of Servers=[],Load balancer stats=Zone stats: {},Server stats: []}ServerList:null
2020-08-05 17:01:30.273 [http-nio-9001-exec-1] INFO  c.n.l.DynamicServerListLoadBalancer - Using serverListUpdater PollingServerListUpdater
2020-08-05 17:01:30.277 [http-nio-9001-exec-1] INFO  c.n.l.DynamicServerListLoadBalancer - DynamicServerListLoadBalancer for client user-center initialized: DynamicServerListLoadBalancer:{NFLoadBalancer:name=user-center,current list of Servers=[],Load balancer stats=Zone stats: {},Server stats: []}ServerList:org.springframework.cloud.netflix.ribbon.eureka.DomainExtractingServerList@19f52bf3
2020-08-05 17:01:30.299 [http-nio-9001-exec-1] ERROR o.a.c.c.C.[.[.[.[dispatcherServlet] - Servlet.service() for servlet [dispatcherServlet] in context with path [] threw exception [Request processing failed; nested exception is java.lang.IllegalStateException: No instances available for user-center] with root cause
java.lang.IllegalStateException: No instances available for user-center
	at org.springframework.cloud.netflix.ribbon.RibbonLoadBalancerClient.execute(RibbonLoadBalancerClient.java:119)
	at org.springframework.cloud.netflix.ribbon.RibbonLoadBalancerClient.execute(RibbonLoadBalancerClient.java:99)
	at org.springframework.cloud.client.loadbalancer.LoadBalancerInterceptor.intercept(LoadBalancerInterceptor.java:58)
	at org.springframework.http.client.InterceptingClientHttpRequest$InterceptingRequestExecution.execute(InterceptingClientHttpRequest.java:92)
	at org.springframework.http.client.InterceptingClientHttpRequest.executeInternal(InterceptingClientHttpRequest.java:76)
	at org.springframework.http.client.AbstractBufferingClientHttpRequest.executeInternal(AbstractBufferingClientHttpRequest.java:48)
	at org.springframework.http.client.AbstractClientHttpRequest.execute(AbstractClientHttpRequest.java:53)
	at org.springframework.web.client.RestTemplate.doExecute(RestTemplate.java:734)
	at org.springframework.web.client.RestTemplate.execute(RestTemplate.java:669)
	at org.springframework.web.client.RestTemplate.getForEntity(RestTemplate.java:337)
	at com.winter0819.community.controller.PostController.createPost(PostController.java:24)
	at sun.reflect.NativeMethodAccessorImpl.invoke0(Native Method)
	at sun.reflect.NativeMethodAccessorImpl.invoke(NativeMethodAccessorImpl.java:62)
	at sun.reflect.DelegatingMethodAccessorImpl.invoke(DelegatingMethodAccessorImpl.java:43)
	at java.lang.reflect.Method.invoke(Method.java:497)
	at org.springframework.web.method.support.InvocableHandlerMethod.doInvoke(InvocableHandlerMethod.java:189)
	at org.springframework.web.method.support.InvocableHandlerMethod.invokeForRequest(InvocableHandlerMethod.java:138)
	at org.springframework.web.servlet.mvc.method.annotation.ServletInvocableHandlerMethod.invokeAndHandle(ServletInvocableHandlerMethod.java:102)
	at org.springframework.web.servlet.mvc.method.annotation.RequestMappingHandlerAdapter.invokeHandlerMethod(RequestMappingHandlerAdapter.java:895)
	at org.springframework.web.servlet.mvc.method.annotation.RequestMappingHandlerAdapter.handleInternal(RequestMappingHandlerAdapter.java:800)
	at org.springframework.web.servlet.mvc.method.AbstractHandlerMethodAdapter.handle(AbstractHandlerMethodAdapter.java:87)
	at org.springframework.web.servlet.DispatcherServlet.doDispatch(DispatcherServlet.java:1038)
	at org.springframework.web.servlet.DispatcherServlet.doService(DispatcherServlet.java:942)
	at org.springframework.web.servlet.FrameworkServlet.processRequest(FrameworkServlet.java:1005)
	at org.springframework.web.servlet.FrameworkServlet.doGet(FrameworkServlet.java:897)
	at javax.servlet.http.HttpServlet.service(HttpServlet.java:634)
	at org.springframework.web.servlet.FrameworkServlet.service(FrameworkServlet.java:882)
	at javax.servlet.http.HttpServlet.service(HttpServlet.java:741)
	at org.apache.catalina.core.ApplicationFilterChain.internalDoFilter(ApplicationFilterChain.java:231)
	at org.apache.catalina.core.ApplicationFilterChain.doFilter(ApplicationFilterChain.java:166)
	at org.apache.tomcat.websocket.server.WsFilter.doFilter(WsFilter.java:53)
	at org.apache.catalina.core.ApplicationFilterChain.internalDoFilter(ApplicationFilterChain.java:193)
	at org.apache.catalina.core.ApplicationFilterChain.doFilter(ApplicationFilterChain.java:166)
	at org.springframework.web.filter.RequestContextFilter.doFilterInternal(RequestContextFilter.java:99)
	at org.springframework.web.filter.OncePerRequestFilter.doFilter(OncePerRequestFilter.java:107)
	at org.apache.catalina.core.ApplicationFilterChain.internalDoFilter(ApplicationFilterChain.java:193)
	at org.apache.catalina.core.ApplicationFilterChain.doFilter(ApplicationFilterChain.java:166)
	at org.springframework.web.filter.FormContentFilter.doFilterInternal(FormContentFilter.java:92)
	at org.springframework.web.filter.OncePerRequestFilter.doFilter(OncePerRequestFilter.java:107)
	at org.apache.catalina.core.ApplicationFilterChain.internalDoFilter(ApplicationFilterChain.java:193)
	at org.apache.catalina.core.ApplicationFilterChain.doFilter(ApplicationFilterChain.java:166)
	at org.springframework.web.filter.HiddenHttpMethodFilter.doFilterInternal(HiddenHttpMethodFilter.java:93)
	at org.springframework.web.filter.OncePerRequestFilter.doFilter(OncePerRequestFilter.java:107)
	at org.apache.catalina.core.ApplicationFilterChain.internalDoFilter(ApplicationFilterChain.java:193)
	at org.apache.catalina.core.ApplicationFilterChain.doFilter(ApplicationFilterChain.java:166)
	at org.springframework.web.filter.CharacterEncodingFilter.doFilterInternal(CharacterEncodingFilter.java:200)
	at org.springframework.web.filter.OncePerRequestFilter.doFilter(OncePerRequestFilter.java:107)
	at org.apache.catalina.core.ApplicationFilterChain.internalDoFilter(ApplicationFilterChain.java:193)
	at org.apache.catalina.core.ApplicationFilterChain.doFilter(ApplicationFilterChain.java:166)
	at org.apache.catalina.core.StandardWrapperValve.invoke(StandardWrapperValve.java:199)
	at org.apache.catalina.core.StandardContextValve.invoke(StandardContextValve.java:96)
	at org.apache.catalina.authenticator.AuthenticatorBase.invoke(AuthenticatorBase.java:490)
	at org.apache.catalina.core.StandardHostValve.invoke(StandardHostValve.java:139)
	at org.apache.catalina.valves.ErrorReportValve.invoke(ErrorReportValve.java:92)
	at org.apache.catalina.core.StandardEngineValve.invoke(StandardEngineValve.java:74)
	at org.apache.catalina.connector.CoyoteAdapter.service(CoyoteAdapter.java:343)
	at org.apache.coyote.http11.Http11Processor.service(Http11Processor.java:408)
	at org.apache.coyote.AbstractProcessorLight.process(AbstractProcessorLight.java:66)
	at org.apache.coyote.AbstractProtocol$ConnectionHandler.process(AbstractProtocol.java:834)
	at org.apache.tomcat.util.net.NioEndpoint$SocketProcessor.doRun(NioEndpoint.java:1417)
	at org.apache.tomcat.util.net.SocketProcessorBase.run(SocketProcessorBase.java:49)
	at java.util.concurrent.ThreadPoolExecutor.runWorker(ThreadPoolExecutor.java:1142)
	at java.util.concurrent.ThreadPoolExecutor$Worker.run(ThreadPoolExecutor.java:617)
	at org.apache.tomcat.util.threads.TaskThread$WrappingRunnable.run(TaskThread.java:61)
	at java.lang.Thread.run(Thread.java:745)
